<?xml version="1.0" encoding="utf-8"?><testsuites name="pytest tests"><testsuite name="pytest" errors="0" failures="0" skipped="0" tests="5" time="1.475" timestamp="2026-06-27T20:54:40.478207+00:00" hostname="agent-env-cc39e638-4b77-4974-85e8-2c6d820bc691"><testcase classname="tests.test_save_as_squad" name="test_historic_expedition_returns_adventurer_ids" time="0.517" /><testcase classname="tests.test_save_as_squad" name="test_historic_expedition_is_victory" time="0.138" /><testcase classname="tests.test_save_as_squad" name="test_adventurer_ids_match_members" time="0.126" /><testcase classname="tests.test_save_as_squad" name="test_expeditions_list_includes_adventurer_ids" time="0.109" /><testcase classname="tests.test_save_as_squad" name="test_health_check" time="0.143" /></testsuite></testsuites>