<?xml version="1.0" encoding="utf-8"?><testsuites name="pytest tests"><testsuite name="pytest" errors="0" failures="0" skipped="0" tests="16" time="12.675" timestamp="2026-06-24T17:13:24.038888+00:00" hostname="agent-env-cc39e638-4b77-4974-85e8-2c6d820bc691"><testcase classname="tests.backend_phase55e_smoke_test.TestSurfaceAndAuth" name="test_health_ok" time="0.105" /><testcase classname="tests.backend_phase55e_smoke_test.TestExpeditionListAndDetail" name="test_list_in_progress_has_seconds_remaining" time="1.761" /><testcase classname="tests.backend_phase55e_smoke_test.TestSurfaceAndAuth" name="test_openapi_paths_count_36" time="0.260" /><testcase classname="tests.backend_phase55e_smoke_test.TestSurfaceAndAuth" name="test_tester_login_and_admin" time="0.430" /><testcase classname="tests.backend_phase55e_smoke_test.TestExpeditionStartValidation" name="test_goblin_warrens_requires_exact_team_size_3" time="1.304" /><testcase classname="tests.backend_phase55e_smoke_test.TestExpeditionListAndDetail" name="test_list_sorted_created_at_desc" time="1.557" /><testcase classname="tests.backend_phase55e_smoke_test.TestExpeditionStartValidation" name="test_duplicate_adventurer_ids_rejected" time="2.282" /><testcase classname="tests.backend_phase55e_smoke_test.TestExpeditionListAndDetail" name="test_cross_guild_detail_returns_404_not_403" time="2.010" /><testcase classname="tests.backend_phase55e_smoke_test.TestExpeditionStartValidation" name="test_cross_guild_adventurer_rejected" time="2.087" /><testcase classname="tests.backend_phase55e_smoke_test.TestExpeditionListAndDetail" name="test_detail_includes_members_and_loot_items" time="1.568" /><testcase classname="tests.backend_phase55e_smoke_test.TestDungeonGates" name="test_shadow_crypts_locked_for_fresh_guild" time="0.748" /><testcase classname="tests.backend_phase55e_smoke_test.TestReplayFlow" name="test_last_completed_then_replay" time="1.813" /><testcase classname="tests.backend_phase55e_smoke_test.TestDungeonGates" name="test_dragons_hoard_locked_for_fresh_guild_message_includes_peak" time="0.582" /><testcase classname="tests.backend_phase55e_smoke_test.TestLootRarityRules" name="test_failure_never_yields_rare_or_epic" time="3.160" /><testcase classname="tests.backend_phase55e_smoke_test.TestEquipmentDeltaSnapshot" name="test_snapshot_fields_present_and_immutable" time="1.206" /><testcase classname="tests.backend_phase55e_smoke_test.TestLazyCompletionIdempotent" name="test_concurrent_sweeps_do_not_double_reward" time="2.106" /></testsuite></testsuites>