<?xml version="1.0" encoding="utf-8"?><testsuites name="pytest tests"><testsuite name="pytest" errors="0" failures="0" skipped="0" tests="40" time="40.757" timestamp="2026-06-24T07:08:14.077104+00:00" hostname="agent-env-cc39e638-4b77-4974-85e8-2c6d820bc691"><testcase classname="tests.backend_phase4_test.TestAdminGating" name="test_admin_login_and_me_is_admin" time="0.444" /><testcase classname="tests.backend_phase4_test.TestAdminGating" name="test_nonadmin_get_returns_403[/admin/classes]" time="0.536" /><testcase classname="tests.backend_phase4_test.TestAdminGating" name="test_nonadmin_get_returns_403[/admin/traits]" time="0.092" /><testcase classname="tests.backend_phase4_test.TestAdminGating" name="test_nonadmin_get_returns_403[/admin/dungeons]" time="0.092" /><testcase classname="tests.backend_phase4_test.TestAdminGating" name="test_nonadmin_get_returns_403[/admin/items]" time="0.101" /><testcase classname="tests.backend_phase4_test.TestAdminGating" name="test_nonadmin_post_returns_403_before_404[/admin/classes]" time="0.091" /><testcase classname="tests.backend_phase4_test.TestAdminGating" name="test_nonadmin_post_returns_403_before_404[/admin/traits]" time="0.093" /><testcase classname="tests.backend_phase4_test.TestAdminGating" name="test_nonadmin_post_returns_403_before_404[/admin/dungeons]" time="0.192" /><testcase classname="tests.backend_phase4_test.TestAdminGating" name="test_nonadmin_post_returns_403_before_404[/admin/items]" time="0.097" /><testcase classname="tests.backend_phase4_test.TestAdminGating" name="test_nonadmin_toggle_returns_403[/admin/classes/fake-id/toggle-active]" time="0.094" /><testcase classname="tests.backend_phase4_test.TestAdminGating" name="test_nonadmin_toggle_returns_403[/admin/traits/fake-id/toggle-active]" time="0.099" /><testcase classname="tests.backend_phase4_test.TestAdminGating" name="test_nonadmin_toggle_returns_403[/admin/dungeons/fake-id/toggle-active]" time="0.095" /><testcase classname="tests.backend_phase4_test.TestAdminGating" name="test_nonadmin_toggle_returns_403[/admin/items/fake-id/toggle-active]" time="0.095" /><testcase classname="tests.backend_phase4_test.TestAdminGating" name="test_missing_token_returns_401[/admin/classes]" time="0.094" /><testcase classname="tests.backend_phase4_test.TestAdminGating" name="test_missing_token_returns_401[/admin/traits]" time="0.097" /><testcase classname="tests.backend_phase4_test.TestAdminGating" name="test_missing_token_returns_401[/admin/dungeons]" time="0.091" /><testcase classname="tests.backend_phase4_test.TestAdminGating" name="test_missing_token_returns_401[/admin/items]" time="0.092" /><testcase classname="tests.backend_phase4_test.TestAdminGating" name="test_invalid_token_returns_401" time="0.095" /><testcase classname="tests.backend_phase4_test.TestAdminClasses" name="test_list_returns_5_plus" time="0.095" /><testcase classname="tests.backend_phase4_test.TestAdminClasses" name="test_create_class_success" time="0.397" /><testcase classname="tests.backend_phase4_test.TestAdminClasses" name="test_create_class_invalid_role" time="0.088" /><testcase classname="tests.backend_phase4_test.TestAdminTraits" name="test_list_returns_5_plus" time="0.089" /><testcase classname="tests.backend_phase4_test.TestAdminTraits" name="test_create_trait_success_and_patch_toggle" time="0.352" /><testcase classname="tests.backend_phase4_test.TestAdminTraits" name="test_create_trait_invalid_modifier_type" time="0.098" /><testcase classname="tests.backend_phase4_test.TestAdminTraits" name="test_create_trait_invalid_affected_stat" time="0.103" /><testcase classname="tests.backend_phase4_test.TestAdminDungeons" name="test_list_returns_1_plus" time="0.090" /><testcase classname="tests.backend_phase4_test.TestAdminDungeons" name="test_create_patch_toggle_dungeon" time="0.393" /><testcase classname="tests.backend_phase4_test.TestAdminItemsAndMonetization" name="test_list_returns_5_plus" time="0.088" /><testcase classname="tests.backend_phase4_test.TestAdminItemsAndMonetization" name="test_invalid_item_type" time="0.094" /><testcase classname="tests.backend_phase4_test.TestAdminItemsAndMonetization" name="test_invalid_rarity" time="0.095" /><testcase classname="tests.backend_phase4_test.TestAdminItemsAndMonetization" name="test_monetization_invariant_real_money_requires_cosmetic" time="0.090" /><testcase classname="tests.backend_phase4_test.TestAdminItemsAndMonetization" name="test_monetization_blocks_affects_economy" time="0.096" /><testcase classname="tests.backend_phase4_test.TestAdminItemsAndMonetization" name="test_monetization_blocks_affects_ranking" time="0.089" /><testcase classname="tests.backend_phase4_test.TestAdminItemsAndMonetization" name="test_monetization_valid_cosmetic" time="0.101" /><testcase classname="tests.backend_phase4_test.TestAdminItemsAndMonetization" name="test_patch_breaking_invariant_blocked" time="0.220" /><testcase classname="tests.backend_phase4_test.TestTraitEffectsAtRecruitment" name="test_candidates_have_traits_array_and_persist" time="0.711" /><testcase classname="tests.backend_phase4_test.TestExpeditionHardening" name="test_cross_guild_adventurer_returns_404" time="1.853" /><testcase classname="tests.backend_phase4_test.TestExpeditionHardening" name="test_duplicate_adventurer_ids_returns_400" time="0.186" /><testcase classname="tests.backend_phase4_test.TestExpeditionHardening" name="test_cross_guild_get_expedition_returns_404" time="20.401" /><testcase classname="tests.backend_phase4_test.TestExpeditionHardening" name="test_already_in_expedition_returns_400" time="12.308" /></testsuite></testsuites>