<?xml version="1.0" encoding="utf-8"?><testsuites name="pytest tests"><testsuite name="pytest" errors="0" failures="0" skipped="0" tests="159" time="224.179" timestamp="2026-06-24T16:46:56.524530+00:00" hostname="agent-env-cc39e638-4b77-4974-85e8-2c6d820bc691"><testcase classname="tests.backend_phase8_test.TestReplayLastRun" name="test_last_completed_404_for_fresh_guild" time="0.786" /><testcase classname="tests.backend_phase4_test.TestAdminGating" name="test_admin_login_and_me_is_admin" time="0.722" /><testcase classname="tests.backend_phase8_test.TestReplayLastRun" name="test_replay_last_404_for_fresh_guild" time="0.712" /><testcase classname="tests.backend_phase4_test.TestAdminGating" name="test_nonadmin_get_returns_403[/admin/classes]" time="0.809" /><testcase classname="tests.backend_phase8_test.TestReplayLastRun" name="test_last_completed_after_one_run" time="1.344" /><testcase classname="tests.backend_phase4_test.TestAdminGating" name="test_nonadmin_get_returns_403[/admin/traits]" time="0.302" /><testcase classname="tests.backend_phase4_test.TestAdminGating" name="test_nonadmin_get_returns_403[/admin/dungeons]" time="0.104" /><testcase classname="tests.backend_phase4_test.TestAdminGating" name="test_nonadmin_get_returns_403[/admin/items]" time="0.098" /><testcase classname="tests.backend_phase4_test.TestAdminGating" name="test_nonadmin_post_returns_403_before_404[/admin/classes]" time="0.099" /><testcase classname="tests.backend_phase4_test.TestAdminGating" name="test_nonadmin_post_returns_403_before_404[/admin/traits]" time="0.101" /><testcase classname="tests.backend_phase4_test.TestAdminGating" name="test_nonadmin_post_returns_403_before_404[/admin/dungeons]" time="0.097" /><testcase classname="tests.backend_phase4_test.TestAdminGating" name="test_nonadmin_post_returns_403_before_404[/admin/items]" time="0.091" /><testcase classname="tests.backend_phase4_test.TestAdminGating" name="test_nonadmin_toggle_returns_403[/admin/classes/fake-id/toggle-active]" time="0.102" /><testcase classname="tests.backend_phase4_test.TestAdminGating" name="test_nonadmin_toggle_returns_403[/admin/traits/fake-id/toggle-active]" time="0.096" /><testcase classname="tests.backend_phase4_test.TestAdminGating" name="test_nonadmin_toggle_returns_403[/admin/dungeons/fake-id/toggle-active]" time="0.106" /><testcase classname="tests.backend_phase4_test.TestAdminGating" name="test_nonadmin_toggle_returns_403[/admin/items/fake-id/toggle-active]" time="0.126" /><testcase classname="tests.backend_phase8_test.TestReplayLastRun" name="test_replay_happy_path" time="1.345" /><testcase classname="tests.backend_phase4_test.TestAdminGating" name="test_missing_token_returns_401[/admin/classes]" time="0.310" /><testcase classname="tests.backend_phase4_test.TestAdminGating" name="test_missing_token_returns_401[/admin/traits]" time="0.136" /><testcase classname="tests.backend_phase4_test.TestAdminGating" name="test_missing_token_returns_401[/admin/dungeons]" time="0.136" /><testcase classname="tests.backend_phase4_test.TestAdminGating" name="test_missing_token_returns_401[/admin/items]" time="0.095" /><testcase classname="tests.backend_phase4_test.TestAdminGating" name="test_invalid_token_returns_401" time="0.140" /><testcase classname="tests.backend_phase4_test.TestAdminItemsAndMonetization" name="test_list_returns_5_plus" time="0.146" /><testcase classname="tests.backend_phase4_test.TestAdminItemsAndMonetization" name="test_invalid_item_type" time="0.104" /><testcase classname="tests.backend_phase4_test.TestAdminItemsAndMonetization" name="test_invalid_rarity" time="0.098" /><testcase classname="tests.backend_phase4_test.TestAdminItemsAndMonetization" name="test_monetization_invariant_real_money_requires_cosmetic" time="0.094" /><testcase classname="tests.backend_phase4_test.TestAdminItemsAndMonetization" name="test_monetization_blocks_affects_economy" time="0.103" /><testcase classname="tests.backend_phase8_test.TestReplayLastRun" name="test_replay_recomputes_team_power_with_current_equipment" time="2.210" /><testcase classname="tests.backend_phase4_test.TestAdminItemsAndMonetization" name="test_monetization_blocks_affects_ranking" time="0.293" /><testcase classname="tests.backend_phase4_test.TestAdminItemsAndMonetization" name="test_monetization_valid_cosmetic" time="0.106" /><testcase classname="tests.backend_phase4_test.TestAdminItemsAndMonetization" name="test_patch_breaking_invariant_blocked" time="0.221" /><testcase classname="tests.backend_phase6_test.TestEquipBasic" name="test_equip_owned_item_success_201" time="0.887" /><testcase classname="tests.backend_phase6_test.TestEquipBasic" name="test_equip_item_not_in_inventory_404" time="1.103" /><testcase classname="tests.backend_phase8_test.TestReplayLastRun" name="test_replay_blocked_when_adventurer_in_other_expedition" time="2.387" /><testcase classname="tests.backend_phase6_test.TestEquipBasic" name="test_equip_other_guild_adventurer_404" time="1.493" /><testcase classname="tests.backend_phase6_test.TestEquipBasic" name="test_equip_wrong_slot_type_400" time="1.163" /><testcase classname="tests.backend_phase8_test.TestReplayLastRun" name="test_replay_blocked_when_adventurer_removed" time="1.635" /><testcase classname="tests.backend_phase6_test.TestEquipBasic" name="test_equip_slot_already_occupied_400" time="12.497" /><testcase classname="tests.backend_phase8_test.TestReplayLastRun" name="test_replay_403_when_dungeon_locked_now" time="12.760" /><testcase classname="tests.backend_phase6_test.TestEquipBasic" name="test_unequip_returns_available_quantity" time="1.115" /><testcase classname="tests.backend_phase6_test.TestEquipBasic" name="test_equip_unequip_cycle_no_drift" time="1.811" /><testcase classname="tests.backend_phase8_test.TestReplayLastRun" name="test_replay_does_not_double_reward_original" time="2.069" /><testcase classname="tests.backend_phase8_test.TestMaxTeamPowerEver" name="test_initial_value_is_zero" time="0.969" /><testcase classname="tests.backend_phase5_test.TestRefreshToken" name="test_register_returns_refresh_token" time="0.318" /><testcase classname="tests.backend_phase5_test.TestRefreshToken" name="test_login_returns_refresh_token" time="0.861" /><testcase classname="tests.backend_phase8_test.TestMaxTeamPowerEver" name="test_set_after_first_expedition" time="2.333" /><testcase classname="tests.backend_phase5_test.TestRefreshToken" name="test_refresh_endpoint_returns_new_access" time="0.536" /><testcase classname="tests.backend_phase5_test.TestRefreshToken" name="test_refresh_with_invalid_token_401" time="0.099" /><testcase classname="tests.backend_phase5_test.TestRefreshToken" name="test_logout_revokes_refresh_token" time="0.513" /><testcase classname="tests.backend_phase5_test.TestRefreshToken" name="test_multi_device_refresh_tokens" time="1.430" /><testcase classname="tests.backend_phase8_test.TestMaxTeamPowerEver" name="test_max_is_monotonic_never_decreases" time="1.935" /><testcase classname="tests.backend_test.TestGuilds" name="test_get_my_guild_404_when_none" time="0.437" /><testcase classname="tests.backend_test.TestGuilds" name="test_create_guild_success_and_persistence" time="0.651" /><testcase classname="tests.backend_phase8_test.TestMaxTeamPowerEver" name="test_dragons_hoard_unlocks_via_max_team_power_ever" time="0.711" /><testcase classname="tests.backend_test.TestGuilds" name="test_create_guild_second_time_400" time="0.841" /><testcase classname="tests.backend_phase8_test.TestMaxTeamPowerEver" name="test_dragons_hoard_lock_message_mentions_peak" time="0.747" /><testcase classname="tests.backend_test.TestGuilds" name="test_create_guild_name_too_short_422" time="0.582" /><testcase classname="tests.backend_phase8_test.TestMaxTeamPowerEver" name="test_max_updated_via_replay_too" time="2.152" /><testcase classname="tests.backend_test.TestGuilds" name="test_create_guild_name_too_long_422" time="0.713" /><testcase classname="tests.backend_test.TestGuilds" name="test_create_guild_no_auth_401" time="0.097" /><testcase classname="tests.backend_phase5_test.TestAdminDependency" name="test_admin_classes_requires_admin" time="0.413" /><testcase classname="tests.backend_phase5_test.TestAdminDependency" name="test_admin_dungeons_requires_admin" time="0.100" /><testcase classname="tests.backend_phase5_test.TestAdminDependency" name="test_admin_items_requires_admin" time="0.104" /><testcase classname="tests.backend_phase5_test.TestAdminDependency" name="test_admin_traits_requires_admin" time="0.133" /><testcase classname="tests.backend_phase5_test.TestAdminDependency" name="test_admin_missing_token_401" time="0.091" /><testcase classname="tests.backend_phase7_test.TestDungeonGates" name="test_goblin_warrens_always_unlocked" time="0.512" /><testcase classname="tests.backend_phase7_test.TestDungeonGates" name="test_shadow_crypts_locked_without_adventurers" time="0.786" /><testcase classname="tests.backend_phase2_test.TestRecruit" name="test_recruit_no_auth_401" time="0.260" /><testcase classname="tests.backend_phase2_test.TestRecruit" name="test_recruit_success_stats_match_and_gold_decremented" time="1.177" /><testcase classname="tests.backend_phase7_test.TestDungeonGates" name="test_shadow_crypts_unlocks_with_3_adventurers" time="1.158" /><testcase classname="tests.backend_phase2_test.TestRecruit" name="test_recruit_twice_same_candidate_returns_404" time="0.891" /><testcase classname="tests.backend_phase7_test.TestDungeonGates" name="test_dragons_hoard_locked_initially" time="1.409" /><testcase classname="tests.backend_phase2_test.TestRecruit" name="test_cross_guild_recruit_404" time="1.391" /><testcase classname="tests.backend_phase7_test.TestDungeonGates" name="test_dragons_hoard_unlocks_via_guild_level" time="1.157" /><testcase classname="tests.backend_phase2_test.TestRecruit" name="test_insufficient_gold_400_and_refund_offer" time="5.006" /><testcase classname="tests.backend_phase2_test.TestRecruitmentCandidates" name="test_candidates_no_auth_401" time="0.144" /><testcase classname="tests.backend_phase2_test.TestRecruitmentCandidates" name="test_candidates_no_guild_404" time="0.433" /><testcase classname="tests.backend_phase2_test.TestRecruitmentCandidates" name="test_candidates_returns_four_valid" time="0.532" /><testcase classname="tests.backend_phase2_test.TestRecruitmentCandidates" name="test_candidates_replaces_prior_offer" time="0.315" /><testcase classname="tests.backend_phase4_test.TestAdminTraits" name="test_list_returns_5_plus" time="0.709" /><testcase classname="tests.backend_phase4_test.TestAdminTraits" name="test_create_trait_success_and_patch_toggle" time="0.329" /><testcase classname="tests.backend_phase4_test.TestAdminTraits" name="test_create_trait_invalid_modifier_type" time="0.107" /><testcase classname="tests.backend_phase4_test.TestAdminTraits" name="test_create_trait_invalid_affected_stat" time="0.095" /><testcase classname="tests.backend_phase4_test.TestExpeditionHardening" name="test_cross_guild_adventurer_returns_404" time="2.876" /><testcase classname="tests.backend_phase3_test.TestExpeditionValidation" name="test_wrong_team_size_2" time="1.193" /><testcase classname="tests.backend_phase3_test.TestExpeditionValidation" name="test_wrong_team_size_4" time="1.328" /><testcase classname="tests.backend_phase4_test.TestExpeditionHardening" name="test_duplicate_adventurer_ids_returns_400" time="0.420" /><testcase classname="tests.backend_phase4_test.TestExpeditionHardening" name="test_cross_guild_get_expedition_returns_404" time="0.353" /><testcase classname="tests.backend_phase4_test.TestExpeditionHardening" name="test_already_in_expedition_returns_400" time="0.191" /><testcase classname="tests.backend_phase5_test.TestPasswordRegex" name="test_password_missing_digit_400" time="0.114" /><testcase classname="tests.backend_phase5_test.TestPasswordRegex" name="test_password_missing_letter_400" time="0.091" /><testcase classname="tests.backend_phase5_test.TestPasswordRegex" name="test_password_min_length_400" time="0.097" /><testcase classname="tests.backend_phase5_test.TestPasswordRegex" name="test_password_valid_letter_digit_201" time="0.318" /><testcase classname="tests.backend_phase3_test.TestExpeditionValidation" name="test_duplicate_adventurer" time="0.316" /><testcase classname="tests.backend_phase5_test.TestPasswordReset" name="test_reset_request_always_200" time="7.991" /><testcase classname="tests.backend_phase3_test.TestExpeditionValidation" name="test_cross_guild_adventurer_404" time="9.953" /><testcase classname="tests.backend_phase5_test.TestPasswordReset" name="test_reset_confirm_with_invalid_token_400" time="0.088" /><testcase classname="tests.backend_phase5_test.TestPasswordReset" name="test_reset_confirm_full_flow" time="1.777" /><testcase classname="tests.backend_phase5_test.TestPasswordReset" name="test_reset_confirm_weak_password_400" time="0.102" /><testcase classname="tests.backend_phase7_test.TestLootTable" name="test_shadow_crypts_success_loot_eventually_rare" time="3.138" /><testcase classname="tests.backend_test.TestRegister" name="test_register_success" time="0.635" /><testcase classname="tests.backend_test.TestRegister" name="test_register_duplicate_email_409" time="0.448" /><testcase classname="tests.backend_test.TestRegister" name="test_register_short_password_400" time="0.110" /><testcase classname="tests.backend_test.TestRegister" name="test_register_invalid_email_422" time="0.092" /><testcase classname="tests.backend_phase2_test.TestAdventurersList" name="test_adventurers_no_auth_401" time="0.086" /><testcase classname="tests.backend_phase2_test.TestAdventurersList" name="test_no_guild_404" time="0.444" /><testcase classname="tests.backend_phase2_test.TestAdventurersList" name="test_cross_user_isolation" time="1.190" /><testcase classname="tests.backend_phase4_test.TestAdminClasses" name="test_list_returns_5_plus" time="0.100" /><testcase classname="tests.backend_phase4_test.TestAdminClasses" name="test_create_class_success" time="0.585" /><testcase classname="tests.backend_phase7_test.TestLootTable" name="test_shadow_crypts_failure_never_rare" time="75.873" /><testcase classname="tests.backend_phase4_test.TestAdminClasses" name="test_create_class_invalid_role" time="0.117" /><testcase classname="tests.backend_phase56b_smoke_test.TestGuildAndCore" name="test_guilds_me_ok_or_404" time="0.282" /><testcase classname="tests.backend_phase56b_smoke_test.TestGuildAndCore" name="test_recruitment_candidates_returns_4" time="0.092" /><testcase classname="tests.backend_phase56b_smoke_test.TestGuildAndCore" name="test_adventurers_list_ok" time="0.045" /><testcase classname="tests.backend_phase7_test.TestEquipmentDelta" name="test_delta_no_equipment" time="1.081" /><testcase classname="tests.backend_phase7_test.TestEquipmentDelta" name="test_delta_with_equipment" time="1.577" /><testcase classname="tests.backend_phase7_test.TestEquipmentDelta" name="test_delta_snapshot_immutable_after_completion" time="31.407" /><testcase classname="tests.backend_test.TestAuthMe" name="test_me_no_header_401" time="0.169" /><testcase classname="tests.backend_test.TestAuthMe" name="test_me_bogus_token_401" time="15.101" /><testcase classname="tests.backend_test.TestAuthMe" name="test_me_valid_token" time="15.454" /><testcase classname="tests.backend_phase3_test.TestDungeonsAndItems" name="test_dungeons_lists_goblin_warrens" time="0.128" /><testcase classname="tests.backend_phase3_test.TestDungeonsAndItems" name="test_items_seeded_no_realmoney" time="0.109" /><testcase classname="tests.backend_phase4_test.TestAdminDungeons" name="test_list_returns_1_plus" time="0.095" /><testcase classname="tests.backend_phase4_test.TestAdminDungeons" name="test_create_patch_toggle_dungeon" time="0.420" /><testcase classname="tests.backend_phase56b_smoke_test.TestHealthAndSurface" name="test_health_ok" time="0.002" /><testcase classname="tests.backend_phase56b_smoke_test.TestHealthAndSurface" name="test_openapi_path_count_is_36" time="0.043" /><testcase classname="tests.backend_phase56b_smoke_test.TestAuthAndSeed" name="test_login_returns_access_and_refresh" time="0.268" /><testcase classname="tests.backend_phase56b_smoke_test.TestAuthAndSeed" name="test_me_returns_admin_true" time="0.310" /><testcase classname="tests.backend_phase56b_smoke_test.TestAdminGating" name="test_admin_classes_returns_5_with_token" time="0.088" /><testcase classname="tests.backend_phase56b_smoke_test.TestAdminGating" name="test_admin_classes_requires_auth" time="0.043" /><testcase classname="tests.backend_phase5_test.TestLoginLockout" name="test_five_failed_logins_then_429" time="2.064" /><testcase classname="tests.backend_phase5_test.TestLoginLockout" name="test_successful_login_resets_attempts" time="3.253" /><testcase classname="tests.backend_phase6_test.TestExpeditionLocksEquipment" name="test_cannot_equip_locked_adventurer" time="1.270" /><testcase classname="tests.backend_phase6_test.TestExpeditionLocksEquipment" name="test_cannot_unequip_locked_adventurer" time="1.550" /><testcase classname="tests.backend_phase6_test.TestExpeditionEquipmentImpact" name="test_equipment_snapshot_and_team_power" time="2.768" /><testcase classname="tests.backend_phase7_test.TestLootTable" name="test_dragons_hoard_success_eventually_epic" time="3.263" /><testcase classname="tests.backend_phase6_test.TestExpeditionEquipmentImpact" name="test_snapshot_is_immutable_after_start" time="1.612" /><testcase classname="tests.backend_phase7_test.TestLootTable" name="test_dragons_hoard_failure_never_epic" time="42.027" /><testcase classname="tests.backend_phase6_test.TestMonetizationSeed" name="test_all_seed_items_not_real_money" time="0.102" /><testcase classname="tests.backend_phase6_test.TestMonetizationSeed" name="test_admin_create_weapon_realmoney_400" time="0.450" /><testcase classname="tests.backend_phase7_test.TestDashboardStats" name="test_initial_stats_zero" time="0.538" /><testcase classname="tests.backend_phase7_test.TestDashboardStats" name="test_stats_track_after_completions" time="1.593" /><testcase classname="tests.backend_test.TestHealth" name="test_health_ok" time="0.098" /><testcase classname="tests.backend_test.TestHealth" name="test_openapi" time="0.107" /><testcase classname="tests.backend_test.TestLogin" name="test_login_tester_success" time="0.322" /><testcase classname="tests.backend_test.TestLogin" name="test_login_wrong_password_401" time="0.318" /><testcase classname="tests.backend_phase2_test.TestAdventurerClasses" name="test_list_classes_no_auth" time="0.096" /><testcase classname="tests.backend_phase2_test.TestGuildAdventurerCount" name="test_adventurer_count_present" time="0.611" /><testcase classname="tests.backend_phase3_test.TestExpeditionLifecycle" name="test_full_lifecycle_and_idempotency" time="77.845" /><testcase classname="tests.backend_phase7_test.TestSeeds" name="test_three_dungeons_present" time="0.555" /><testcase classname="tests.backend_phase7_test.TestSeeds" name="test_eight_new_items_present_and_safe" time="0.101" /><testcase classname="tests.backend_phase3_test.TestItemMonetizationValidator" name="test_validator_rejects_combat_with_realmoney" time="0.195" /><testcase classname="tests.backend_phase3_test.TestLevelUpLoop" name="test_resolve_levelup_multi_level" time="0.000" /><testcase classname="tests.backend_phase4_test.TestTraitEffectsAtRecruitment" name="test_candidates_have_traits_array_and_persist" time="0.730" /><testcase classname="tests.backend_phase56b_smoke_test.TestExpeditions" name="test_last_completed_no_500" time="0.273" /><testcase classname="tests.backend_phase56b_smoke_test.TestRecruitFlow" name="test_recruit_decrements_gold_if_affordable" time="0.183" /><testcase classname="tests.backend_phase6_test.TestPasswordResetEndToEnd" name="test_request_then_confirm_then_login_with_new_pw" time="1.108" /><testcase classname="tests.backend_phase3_test.TestCrossGuildIsolation" name="test_get_expedition_other_guild_404" time="2.046" /><testcase classname="tests.backend_phase3_test.TestInventoryUpsert" name="test_inventory_empty_for_new_user" time="0.924" /></testsuite></testsuites>