<?xml version="1.0" encoding="utf-8"?><testsuites name="pytest tests"><testsuite name="pytest" errors="0" failures="0" skipped="0" tests="11" time="1.854" timestamp="2026-06-24T16:24:23.444392+00:00" hostname="agent-env-cc39e638-4b77-4974-85e8-2c6d820bc691"><testcase classname="tests.backend_phase56b_smoke_test.TestHealthAndSurface" name="test_health_ok" time="0.372" /><testcase classname="tests.backend_phase56b_smoke_test.TestHealthAndSurface" name="test_openapi_path_count_is_36" time="0.058" /><testcase classname="tests.backend_phase56b_smoke_test.TestGuildAndCore" name="test_guilds_me_ok_or_404" time="0.432" /><testcase classname="tests.backend_phase56b_smoke_test.TestAuthAndSeed" name="test_login_returns_access_and_refresh" time="0.273" /><testcase classname="tests.backend_phase56b_smoke_test.TestGuildAndCore" name="test_recruitment_candidates_returns_4" time="0.545" /><testcase classname="tests.backend_phase56b_smoke_test.TestAuthAndSeed" name="test_me_returns_admin_true" time="0.313" /><testcase classname="tests.backend_phase56b_smoke_test.TestGuildAndCore" name="test_adventurers_list_ok" time="0.092" /><testcase classname="tests.backend_phase56b_smoke_test.TestAdminGating" name="test_admin_classes_returns_5_with_token" time="0.133" /><testcase classname="tests.backend_phase56b_smoke_test.TestExpeditions" name="test_last_completed_no_500" time="0.057" /><testcase classname="tests.backend_phase56b_smoke_test.TestRecruitFlow" name="test_recruit_decrements_gold_if_affordable" time="0.216" /><testcase classname="tests.backend_phase56b_smoke_test.TestAdminGating" name="test_admin_classes_requires_auth" time="0.044" /></testsuite></testsuites>