<?xml version="1.0" encoding="utf-8"?><testsuites name="pytest tests"><testsuite name="pytest" errors="0" failures="0" skipped="0" tests="14" time="8.153" timestamp="2026-06-24T05:21:44.666971+00:00" hostname="agent-env-cc39e638-4b77-4974-85e8-2c6d820bc691"><testcase classname="tests.backend_phase2_test.TestRecruit" name="test_recruit_no_auth_401" time="0.212" /><testcase classname="tests.backend_phase2_test.TestRecruitmentCandidates" name="test_candidates_no_auth_401" time="0.192" /><testcase classname="tests.backend_phase2_test.TestRecruitmentCandidates" name="test_candidates_no_guild_404" time="0.651" /><testcase classname="tests.backend_phase2_test.TestRecruit" name="test_recruit_success_stats_match_and_gold_decremented" time="1.454" /><testcase classname="tests.backend_phase2_test.TestRecruitmentCandidates" name="test_candidates_returns_four_valid" time="0.535" /><testcase classname="tests.backend_phase2_test.TestRecruitmentCandidates" name="test_candidates_replaces_prior_offer" time="0.332" /><testcase classname="tests.backend_phase2_test.TestRecruit" name="test_recruit_twice_same_candidate_returns_404" time="0.861" /><testcase classname="tests.backend_phase2_test.TestAdventurersList" name="test_adventurers_no_auth_401" time="0.274" /><testcase classname="tests.backend_phase2_test.TestAdventurersList" name="test_no_guild_404" time="0.493" /><testcase classname="tests.backend_phase2_test.TestAdventurersList" name="test_cross_user_isolation" time="1.526" /><testcase classname="tests.backend_phase2_test.TestRecruit" name="test_cross_guild_recruit_404" time="1.481" /><testcase classname="tests.backend_phase2_test.TestAdventurerClasses" name="test_list_classes_no_auth" time="0.087" /><testcase classname="tests.backend_phase2_test.TestRecruit" name="test_insufficient_gold_400_and_refund_offer" time="3.582" /><testcase classname="tests.backend_phase2_test.TestGuildAdventurerCount" name="test_adventurer_count_present" time="0.256" /></testsuite></testsuites>