<?xml version="1.0" encoding="utf-8"?><testsuites name="pytest tests"><testsuite name="pytest" errors="0" failures="0" skipped="0" tests="11" time="70.713" timestamp="2026-06-24T06:31:22.855153+00:00" hostname="agent-env-cc39e638-4b77-4974-85e8-2c6d820bc691"><testcase classname="tests.backend_phase3_test.TestDungeonsAndItems" name="test_dungeons_lists_goblin_warrens" time="0.229" /><testcase classname="tests.backend_phase3_test.TestDungeonsAndItems" name="test_items_seeded_no_realmoney" time="0.094" /><testcase classname="tests.backend_phase3_test.TestExpeditionLifecycle" name="test_full_lifecycle_and_idempotency" time="66.773" /><testcase classname="tests.backend_phase3_test.TestExpeditionValidation" name="test_wrong_team_size_2" time="1.322" /><testcase classname="tests.backend_phase3_test.TestExpeditionValidation" name="test_wrong_team_size_4" time="1.121" /><testcase classname="tests.backend_phase3_test.TestExpeditionValidation" name="test_duplicate_adventurer" time="0.103" /><testcase classname="tests.backend_phase3_test.TestExpeditionValidation" name="test_cross_guild_adventurer_404" time="1.697" /><testcase classname="tests.backend_phase3_test.TestItemMonetizationValidator" name="test_validator_rejects_combat_with_realmoney" time="0.265" /><testcase classname="tests.backend_phase3_test.TestLevelUpLoop" name="test_resolve_levelup_multi_level" time="0.000" /><testcase classname="tests.backend_phase3_test.TestCrossGuildIsolation" name="test_get_expedition_other_guild_404" time="2.006" /><testcase classname="tests.backend_phase3_test.TestInventoryUpsert" name="test_inventory_empty_for_new_user" time="0.904" /></testsuite></testsuites>