<?xml version="1.0" encoding="utf-8"?><testsuites name="pytest tests"><testsuite name="pytest" errors="0" failures="0" skipped="0" tests="11" time="35.819" timestamp="2026-06-24T17:14:55.373364+00:00" hostname="agent-env-cc39e638-4b77-4974-85e8-2c6d820bc691"><testcase classname="tests.backend_phase55gh_smoke_test" name="test_health_endpoint" time="0.142" /><testcase classname="tests.backend_phase55gh_smoke_test" name="test_openapi_36_paths" time="0.112" /><testcase classname="tests.backend_phase55gh_smoke_test" name="test_tester_login_is_admin" time="0.438" /><testcase classname="tests.backend_phase55gh_smoke_test" name="test_admin_classes_requires_token" time="0.112" /><testcase classname="tests.backend_phase55gh_smoke_test" name="test_admin_classes_ok_with_tester" time="19.592" /><testcase classname="tests.backend_phase55gh_smoke_test" name="test_recruitment_candidates_returns_4" time="3.726" /><testcase classname="tests.backend_phase55gh_smoke_test" name="test_recruit_decrements_gold_if_affordable" time="0.770" /><testcase classname="tests.backend_phase55gh_smoke_test" name="test_guilds_me_lazy_sweep_idempotent" time="0.652" /><testcase classname="tests.backend_phase55gh_smoke_test" name="test_dungeon_gates_sticky" time="8.831" /><testcase classname="tests.backend_phase55gh_smoke_test" name="test_server_shim_exports" time="0.221" /><testcase classname="tests.backend_phase55gh_smoke_test" name="test_mongo_indexes_present" time="0.004" /></testsuite></testsuites>