<?xml version="1.0" encoding="utf-8"?><testsuites name="pytest tests"><testsuite name="pytest" errors="0" failures="0" skipped="0" tests="28" time="44.917" timestamp="2026-06-26T18:23:01.171690+00:00" hostname="agent-env-cc39e638-4b77-4974-85e8-2c6d820bc691"><testcase classname="tests.backend_phase17_round4_test" name="test_01_migration_idempotent_no_dup_fields" time="0.006" /><testcase classname="tests.backend_phase17_round4_test" name="test_02_forge_seed_present" time="0.001" /><testcase classname="tests.backend_phase17_round4_test" name="test_03_inventory_default_fields" time="1.940" /><testcase classname="tests.backend_phase17_round4_test" name="test_04_openapi_path_count" time="0.003" /><testcase classname="tests.backend_phase17_round4_test" name="test_05_sets_and_enchants_public_routes" time="0.004" /><testcase classname="tests.backend_phase17_round4_test" name="test_06_refine_plus1_succeeds" time="1.897" /><testcase classname="tests.backend_phase17_round4_test" name="test_07_refine_debits_gold_and_mats" time="1.979" /><testcase classname="tests.backend_phase17_round4_test" name="test_08_refine_sets_is_bound" time="1.938" /><testcase classname="tests.backend_phase17_round4_test" name="test_09_refine_rejects_stackable" time="1.902" /><testcase classname="tests.backend_phase17_round4_test" name="test_10_refine_404_unknown_instance" time="1.920" /><testcase classname="tests.backend_phase17_round4_test" name="test_11_enchant_options_returns_choices" time="1.912" /><testcase classname="tests.backend_phase17_round4_test" name="test_12_enchant_apply_debits_and_binds" time="1.898" /><testcase classname="tests.backend_phase17_round4_test" name="test_13_enchant_no_free_slot" time="1.902" /><testcase classname="tests.backend_phase17_round4_test" name="test_14_enchant_unknown_slug" time="1.924" /><testcase classname="tests.backend_phase17_round4_test" name="test_15_reroll_increments_count" time="1.887" /><testcase classname="tests.backend_phase17_round4_test" name="test_16_reroll_caps_at_5" time="1.917" /><testcase classname="tests.backend_phase17_round4_test" name="test_17_reroll_no_affixes" time="1.924" /><testcase classname="tests.backend_phase17_round4_test" name="test_18_disenchant_marks_and_grants_materials" time="1.910" /><testcase classname="tests.backend_phase17_round4_test" name="test_19_disenchanted_item_cannot_refine" time="1.907" /><testcase classname="tests.backend_phase17_round4_test" name="test_20_disenchant_rejects_stackable" time="1.904" /><testcase classname="tests.backend_phase17_round4_test" name="test_21_refined_item_blocked_in_market" time="1.904" /><testcase classname="tests.backend_phase17_round4_test" name="test_22_enchanted_item_blocked_in_market" time="1.901" /><testcase classname="tests.backend_phase17_round4_test" name="test_23_unbound_item_can_be_listed" time="1.918" /><testcase classname="tests.backend_phase17_round4_test" name="test_24_equipment_detail_shape" time="1.917" /><testcase classname="tests.backend_phase17_round4_test" name="test_25_set_bonus_calc_with_pieces_equipped" time="1.914" /><testcase classname="tests.backend_phase17_round4_test" name="test_26_inventory_exposes_legacy_and_new_fields" time="1.929" /><testcase classname="tests.backend_phase17_round4_test" name="test_27_market_unbound_listing_full_flow" time="2.006" /><testcase classname="tests.backend_phase17_round4_test" name="test_28_leaderboard_unchanged" time="0.009" /></testsuite></testsuites>