<?xml version="1.0" encoding="utf-8"?><testsuites name="pytest tests"><testsuite name="pytest" errors="0" failures="0" skipped="0" tests="17" time="4.275" timestamp="2026-06-23T21:03:31.719134+00:00" hostname="agent-env-cc39e638-4b77-4974-85e8-2c6d820bc691"><testcase classname="tests.backend_test.TestRegister" name="test_register_success" time="0.732" /><testcase classname="tests.backend_test.TestGuilds" name="test_get_my_guild_404_when_none" time="1.058" /><testcase classname="tests.backend_test.TestRegister" name="test_register_duplicate_email_409" time="0.648" /><testcase classname="tests.backend_test.TestGuilds" name="test_create_guild_success_and_persistence" time="0.542" /><testcase classname="tests.backend_test.TestRegister" name="test_register_short_password_422" time="0.126" /><testcase classname="tests.backend_test.TestRegister" name="test_register_invalid_email_422" time="0.152" /><testcase classname="tests.backend_test.TestAuthMe" name="test_me_no_header_401" time="0.277" /><testcase classname="tests.backend_test.TestAuthMe" name="test_me_bogus_token_401" time="0.115" /><testcase classname="tests.backend_test.TestGuilds" name="test_create_guild_second_time_400" time="0.545" /><testcase classname="tests.backend_test.TestAuthMe" name="test_me_valid_token" time="0.579" /><testcase classname="tests.backend_test.TestGuilds" name="test_create_guild_name_too_short_422" time="0.582" /><testcase classname="tests.backend_test.TestHealth" name="test_health_ok" time="0.136" /><testcase classname="tests.backend_test.TestHealth" name="test_openapi" time="0.293" /><testcase classname="tests.backend_test.TestLogin" name="test_login_tester_success" time="0.355" /><testcase classname="tests.backend_test.TestGuilds" name="test_create_guild_name_too_long_422" time="0.445" /><testcase classname="tests.backend_test.TestGuilds" name="test_create_guild_no_auth_401" time="0.458" /><testcase classname="tests.backend_test.TestLogin" name="test_login_wrong_password_401" time="0.337" /></testsuite></testsuites>