<?xml version="1.0" encoding="utf-8"?><testsuites name="pytest tests"><testsuite name="pytest" errors="0" failures="0" skipped="0" tests="5" time="1.261" timestamp="2026-06-28T18:30:51.988122+00:00" hostname="agent-env-cc39e638-4b77-4974-85e8-2c6d820bc691"><testcase classname="tests.backend_round112_t6_catalog_test" name="test_t6_01_traits_catalog_public_no_auth" time="0.205" /><testcase classname="tests.backend_round112_t6_catalog_test" name="test_t6_02_stats_catalog_public_no_auth" time="0.139" /><testcase classname="tests.backend_round112_t6_catalog_test" name="test_t6_03_traits_catalog_filters_is_test" time="0.111" /><testcase classname="tests.backend_round112_t6_catalog_test" name="test_t6_04_traits_catalog_filters_is_active_false" time="0.113" /><testcase classname="tests.backend_round112_t6_catalog_test" name="test_t6_05_traits_catalog_polarity_mapping_and_safe_shape" time="0.151" /></testsuite></testsuites>